Unity Editor version:    2021.3.21f1 (1b156197d683)
Branch:                  2021.3/staging
Build type:              Release
Batch mode:              YES
macOS version:           Version 12.2 (Build 21D49)
Darwin version:          21.3.0
Architecture:            x86_64
Running under Rosetta:   NO
Available memory:        16384 MB
Using pre-set license
Pro License: YES

COMMAND LINE ARGUMENTS:
/Applications/Unity/Hub/Editor/2021.3.21f1/Unity.app/Contents/MacOS/Unity
-adb2
-batchMode
-noUpm
-name
AssetImportWorker0
-projectPath
/Users/emmanuelle/Desktop/Confiture
-logFile
Logs/AssetImportWorker0.log
-srvPort
64672
Successfully changed project path to: /Users/emmanuelle/Desktop/Confiture
/Users/emmanuelle/Desktop/Confiture
[UnityMemory] Configuration Parameters - Can be set up in boot.config
    "memorysetup-bucket-allocator-granularity=16"
    "memorysetup-bucket-allocator-bucket-count=8"
    "memorysetup-bucket-allocator-block-size=33554432"
    "memorysetup-bucket-allocator-block-count=8"
    "memorysetup-main-allocator-block-size=16777216"
    "memorysetup-thread-allocator-block-size=16777216"
    "memorysetup-gfx-main-allocator-block-size=16777216"
    "memorysetup-gfx-thread-allocator-block-size=16777216"
    "memorysetup-cache-allocator-block-size=4194304"
    "memorysetup-typetree-allocator-block-size=2097152"
    "memorysetup-profiler-bucket-allocator-granularity=16"
    "memorysetup-profiler-bucket-allocator-bucket-count=8"
    "memorysetup-profiler-bucket-allocator-block-size=33554432"
    "memorysetup-profiler-bucket-allocator-block-count=8"
    "memorysetup-profiler-allocator-block-size=16777216"
    "memorysetup-profiler-editor-allocator-block-size=1048576"
    "memorysetup-temp-allocator-size-main=16777216"
    "memorysetup-job-temp-allocator-block-size=2097152"
    "memorysetup-job-temp-allocator-block-size-background=1048576"
    "memorysetup-job-temp-allocator-reduction-small-platforms=262144"
    "memorysetup-temp-allocator-size-background-worker=32768"
    "memorysetup-temp-allocator-size-job-worker=262144"
    "memorysetup-temp-allocator-size-preload-manager=33554432"
    "memorysetup-temp-allocator-size-nav-mesh-worker=65536"
    "memorysetup-temp-allocator-size-audio-worker=65536"
    "memorysetup-temp-allocator-size-cloud-worker=32768"
    "memorysetup-temp-allocator-size-gi-baking-worker=262144"
    "memorysetup-temp-allocator-size-gfx=262144"
Player connection [4719076864] Host "[IP] 128.179.141.229 [Port] 0 [Flags] 2 [Guid] 3392789490 [EditorId] 3392789490 [Version] 1048832 [Id] OSXEditor(0,tsf-436-wpa-5-229.epfl.ch) [Debug] 1 [PackageName] OSXEditor [ProjectName] Editor" joined multi-casting on [225.0.0.222:54997]...

Player connection [4719076864] Host "[IP] 128.179.141.229 [Port] 0 [Flags] 2 [Guid] 3392789490 [EditorId] 3392789490 [Version] 1048832 [Id] OSXEditor(0,tsf-436-wpa-5-229.epfl.ch) [Debug] 1 [PackageName] OSXEditor [ProjectName] Editor" joined alternative multi-casting on [225.0.0.222:34997]...

Refreshing native plugins compatible for Editor in 88.42 ms, found 2 plugins.
Preloading 0 native plugins for Editor in 0.00 ms.
Initialize engine version: 2021.3.21f1 (1b156197d683)
[Subsystems] Discovering subsystems at path /Applications/Unity/Hub/Editor/2021.3.21f1/Unity.app/Contents/Resources/UnitySubsystems
[Subsystems] Discovering subsystems at path /Users/emmanuelle/Desktop/Confiture/Assets
GfxDevice: creating device client; threaded=0; jobified=0
Color LCD preferred device: AMD Radeon Pro 560X (high power)
Metal devices available: 2
0: AMD Radeon Pro 560X (high power)
1: Intel(R) UHD Graphics 630 (low power)
Using device AMD Radeon Pro 560X (high power)
Initializing Metal device caps: AMD Radeon Pro 560X
Initialize mono
Mono path[0] = '/Applications/Unity/Hub/Editor/2021.3.21f1/Unity.app/Contents/Managed'
Mono path[1] = '/Applications/Unity/Hub/Editor/2021.3.21f1/Unity.app/Contents/MonoBleedingEdge/lib/mono/unityjit-macos'
Mono config path = '/Applications/Unity/Hub/Editor/2021.3.21f1/Unity.app/Contents/MonoBleedingEdge/etc'
Using monoOptions --debugger-agent=transport=dt_socket,embedding=1,server=y,suspend=n,address=127.0.0.1:56258
Begin MonoManager ReloadAssembly
Registering precompiled unity dll's ...
Register platform support module: /Applications/Unity/Hub/Editor/2021.3.21f1/PlaybackEngines/WebGLSupport/UnityEditor.WebGL.Extensions.dll
Register platform support module: /Applications/Unity/Hub/Editor/2021.3.21f1/Unity.app/Contents/PlaybackEngines/MacStandaloneSupport/UnityEditor.OSXStandalone.Extensions.dll
Registered in 0.002994 seconds.
Native extension for OSXStandalone target not found
Native extension for WebGL target not found
Refreshing native plugins compatible for Editor in 80.12 ms, found 2 plugins.
Preloading 0 native plugins for Editor in 0.00 ms.
Mono: successfully reloaded assembly
- Completed reload, in  0.872 seconds
Domain Reload Profiling:
	ReloadAssembly (872ms)
		BeginReloadAssembly (160ms)
			ExecutionOrderSort (0ms)
			DisableScriptedObjects (0ms)
			BackupInstance (0ms)
			ReleaseScriptingObjects (0ms)
			CreateAndSetChildDomain (1ms)
		EndReloadAssembly (595ms)
			LoadAssemblies (162ms)
			RebuildTransferFunctionScriptingTraits (0ms)
			SetupTypeCache (153ms)
			ReleaseScriptCaches (0ms)
			RebuildScriptCaches (36ms)
			SetupLoadedEditorAssemblies (346ms)
				LogAssemblyErrors (0ms)
				InitializePlatformSupportModulesInManaged (8ms)
				SetLoadedEditorAssemblies (1ms)
				RefreshPlugins (80ms)
				BeforeProcessingInitializeOnLoad (2ms)
				ProcessInitializeOnLoadAttributes (194ms)
				ProcessInitializeOnLoadMethodAttributes (62ms)
				AfterProcessingInitializeOnLoad (0ms)
				EditorAssembliesLoaded (0ms)
			ExecutionOrderSort2 (0ms)
			AwakeInstancesAfterBackupRestoration (0ms)
Platform modules already initialized, skipping
Registering precompiled user dll's ...
Registered in 0.004375 seconds.
Begin MonoManager ReloadAssembly
Symbol file LoadedFromMemory doesn't match image /Users/emmanuelle/Desktop/Confiture/Library/PackageCache/com.unity.visualscripting@1.8.0/Editor/VisualScripting.Core/Dependencies/YamlDotNet/Unity.VisualScripting.YamlDotNet.dll
Symbol file LoadedFromMemory doesn't match image /Users/emmanuelle/Desktop/Confiture/Library/PackageCache/com.unity.visualscripting@1.8.0/Editor/VisualScripting.Core/Dependencies/DotNetZip/Unity.VisualScripting.IonicZip.dll
Native extension for OSXStandalone target not found
Native extension for WebGL target not found
Refreshing native plugins compatible for Editor in 0.54 ms, found 2 plugins.
Preloading 0 native plugins for Editor in 0.00 ms.
Mono: successfully reloaded assembly
- Completed reload, in  1.402 seconds
Domain Reload Profiling:
	ReloadAssembly (1403ms)
		BeginReloadAssembly (162ms)
			ExecutionOrderSort (0ms)
			DisableScriptedObjects (7ms)
			BackupInstance (0ms)
			ReleaseScriptingObjects (0ms)
			CreateAndSetChildDomain (33ms)
		EndReloadAssembly (1100ms)
			LoadAssemblies (152ms)
			RebuildTransferFunctionScriptingTraits (0ms)
			SetupTypeCache (438ms)
			ReleaseScriptCaches (1ms)
			RebuildScriptCaches (77ms)
			SetupLoadedEditorAssemblies (414ms)
				LogAssemblyErrors (0ms)
				InitializePlatformSupportModulesInManaged (5ms)
				SetLoadedEditorAssemblies (1ms)
				RefreshPlugins (1ms)
				BeforeProcessingInitializeOnLoad (76ms)
				ProcessInitializeOnLoadAttributes (306ms)
				ProcessInitializeOnLoadMethodAttributes (25ms)
				AfterProcessingInitializeOnLoad (1ms)
				EditorAssembliesLoaded (0ms)
			ExecutionOrderSort2 (0ms)
			AwakeInstancesAfterBackupRestoration (5ms)
Platform modules already initialized, skipping
========================================================================
Worker process is ready to serve import requests
Launching external process: /Applications/Unity/Hub/Editor/2021.3.21f1/Unity.app/Contents/Tools/UnityShaderCompiler
Launched and connected shader compiler UnityShaderCompiler after 0.07 seconds
Refreshing native plugins compatible for Editor in 0.49 ms, found 2 plugins.
Preloading 0 native plugins for Editor in 0.00 ms.
Unloading 3267 Unused Serialized files (Serialized files now loaded: 0)
Unloading 34 unused Assets / (1.3 MB). Loaded Objects now: 3736.
Memory consumption went from 132.3 MB to 131.0 MB.
Total: 3.356741 ms (FindLiveObjects: 0.342832 ms CreateObjectMapping: 0.219954 ms MarkObjects: 2.464096 ms  DeleteObjects: 0.329059 ms)

AssetImportParameters requested are different than current active one (requested -> active):
  custom:video-decoder-ogg-theora: a1e56fd34408186e4bbccfd4996cb3dc -> 
  custom:container-muxer-webm: aa71ff27fc2769a1b78a27578f13a17b -> 
  custom:container-demuxer-webm: 4f35f7cbe854078d1ac9338744f61a02 -> 
  custom:video-encoder-webm-vp8: eb34c28f22e8b96e1ab97ce403110664 -> 
  custom:framework-osx-AVFoundation: e770b220cccbd017edd2c1fefb359320 -> 
  custom:audio-encoder-webm-vorbis: bf7c407c2cedff20999df2af8eb42d56 -> 
  custom:container-demuxer-ogg: 62fdf1f143b41e24485cea50d1cbac27 -> 
  custom:video-decoder-webm-vp8: 9c59270c3fd7afecdb556c50c9e8de78 -> 
  custom:audio-decoder-ogg-vorbis: bf7c407c2cedff20999df2af8eb42d56 -> 
========================================================================
Received Import Request.
  Time since last request: 180014.381434 seconds.
  path: Assets/Scenes/buildings/Voxel_mat243.mat
  artifactKey: Guid(3d3b9843d4e084d9bbb4dd664e66d7b6) Importer(815301076,1909f56bfc062723c751e8b465ee728b)
Start importing Assets/Scenes/buildings/Voxel_mat243.mat using Guid(3d3b9843d4e084d9bbb4dd664e66d7b6) Importer(815301076,1909f56bfc062723c751e8b465ee728b)  -> (artifact id: '6bf34b6ed0c2582cc5566a8d035f6830') in 0.235391 seconds 
========================================================================
Received Import Request.
  Time since last request: 0.000885 seconds.
  path: Assets/Scenes/buildings/b1 1.fbx
  artifactKey: Guid(26c87a777b0ad4321b7b84e7a771c1f2) Importer(815301076,1909f56bfc062723c751e8b465ee728b)
Start importing Assets/Scenes/buildings/b1 1.fbx using Guid(26c87a777b0ad4321b7b84e7a771c1f2) Importer(815301076,1909f56bfc062723c751e8b465ee728b)  -> (artifact id: '5cf8ab980263a15b721e3bfd5cc65ab1') in 0.155689 seconds 
========================================================================
Received Import Request.
  Time since last request: 600.669485 seconds.
  path: Assets/Voxel_mat241.001.mat
  artifactKey: Guid(0b02413833ad04e2da0e5534454bee74) Importer(815301076,1909f56bfc062723c751e8b465ee728b)
Start importing Assets/Voxel_mat241.001.mat using Guid(0b02413833ad04e2da0e5534454bee74) Importer(815301076,1909f56bfc062723c751e8b465ee728b)  -> (artifact id: '2bec90292a08fdaa6cc0e2bc31ff749c') in 0.025361 seconds 
========================================================================
Received Import Request.
  Time since last request: 0.000105 seconds.
  path: Assets/Voxel_mat243.001.mat
  artifactKey: Guid(c11615aab22d94fd2b402569e7d23d80) Importer(815301076,1909f56bfc062723c751e8b465ee728b)
Start importing Assets/Voxel_mat243.001.mat using Guid(c11615aab22d94fd2b402569e7d23d80) Importer(815301076,1909f56bfc062723c751e8b465ee728b)  -> (artifact id: '5710101165e9f40d005b567a7059dda8') in 0.025962 seconds 
========================================================================
Received Import Request.
  Time since last request: 0.000125 seconds.
  path: Assets/Voxel_mat249.001.mat
  artifactKey: Guid(6ba1bfc8f345744fd92069aa49ab1259) Importer(815301076,1909f56bfc062723c751e8b465ee728b)
Start importing Assets/Voxel_mat249.001.mat using Guid(6ba1bfc8f345744fd92069aa49ab1259) Importer(815301076,1909f56bfc062723c751e8b465ee728b)  -> (artifact id: '15340c8a367c66a24e79e91d9c74b98e') in 0.012912 seconds 
========================================================================
Received Import Request.
  Time since last request: 1049.466046 seconds.
  path: Assets/b3.fbx
  artifactKey: Guid(9c127b64ddbfa405b890c3c5df054f36) Importer(815301076,1909f56bfc062723c751e8b465ee728b)
Start importing Assets/b3.fbx using Guid(9c127b64ddbfa405b890c3c5df054f36) Importer(815301076,1909f56bfc062723c751e8b465ee728b)  -> (artifact id: '5c42d6e05649fbaf42ab26c966fc48a2') in 0.083216 seconds 
========================================================================
Received Import Request.
  Time since last request: 5.587531 seconds.
  path: Assets/b3.fbx
  artifactKey: Guid(9c127b64ddbfa405b890c3c5df054f36) Importer(815301076,1909f56bfc062723c751e8b465ee728b)
Start importing Assets/b3.fbx using Guid(9c127b64ddbfa405b890c3c5df054f36) Importer(815301076,1909f56bfc062723c751e8b465ee728b)  -> (artifact id: '316017862eb185cfd98e8e5e035e942d') in 0.037480 seconds 
========================================================================
Received Import Request.
  Time since last request: 0.000098 seconds.
  path: Assets/Voxel_mat249.002.mat
  artifactKey: Guid(2b92a48d9278e49c385494d477905e15) Importer(815301076,1909f56bfc062723c751e8b465ee728b)
Start importing Assets/Voxel_mat249.002.mat using Guid(2b92a48d9278e49c385494d477905e15) Importer(815301076,1909f56bfc062723c751e8b465ee728b)  -> (artifact id: 'b3539fd1cf641ffc36193bbb0421a91a') in 0.018342 seconds 
========================================================================
Received Import Request.
  Time since last request: 0.000087 seconds.
  path: Assets/Voxel_mat253.001.mat
  artifactKey: Guid(f21abf9dd4aa24c30b430d5432411f0e) Importer(815301076,1909f56bfc062723c751e8b465ee728b)
Start importing Assets/Voxel_mat253.001.mat using Guid(f21abf9dd4aa24c30b430d5432411f0e) Importer(815301076,1909f56bfc062723c751e8b465ee728b)  -> (artifact id: 'df833a89e6c51a8e8df099053f046925') in 0.010710 seconds 
========================================================================
Received Import Request.
  Time since last request: 0.000083 seconds.
  path: Assets/Voxel_mat243.002.mat
  artifactKey: Guid(8285ba1c6bf874a7f925658cf9c62d35) Importer(815301076,1909f56bfc062723c751e8b465ee728b)
Start importing Assets/Voxel_mat243.002.mat using Guid(8285ba1c6bf874a7f925658cf9c62d35) Importer(815301076,1909f56bfc062723c751e8b465ee728b)  -> (artifact id: '177e68e5b71ff8b278e2f15fcb723233') in 0.011560 seconds 
Editor requested this worker to shutdown with reason: Scaling down because of idle timeout
AssetImportWorker is now disconnected from the server
Process exiting
