Unity Editor version:    2021.3.21f1 (1b156197d683)
Branch:                  2021.3/staging
Build type:              Release
Batch mode:              YES
macOS version:           Version 12.2 (Build 21D49)
Darwin version:          21.3.0
Architecture:            x86_64
Running under Rosetta:   NO
Available memory:        16384 MB
Using pre-set license
Pro License: YES

COMMAND LINE ARGUMENTS:
/Applications/Unity/Hub/Editor/2021.3.21f1/Unity.app/Contents/MacOS/Unity
-adb2
-batchMode
-noUpm
-name
AssetImportWorker2
-projectPath
/Users/emmanuelle/Desktop/Confiture
-logFile
Logs/AssetImportWorker2.log
-srvPort
63366
Successfully changed project path to: /Users/emmanuelle/Desktop/Confiture
/Users/emmanuelle/Desktop/Confiture
[UnityMemory] Configuration Parameters - Can be set up in boot.config
    "memorysetup-bucket-allocator-granularity=16"
    "memorysetup-bucket-allocator-bucket-count=8"
    "memorysetup-bucket-allocator-block-size=33554432"
    "memorysetup-bucket-allocator-block-count=8"
    "memorysetup-main-allocator-block-size=16777216"
    "memorysetup-thread-allocator-block-size=16777216"
    "memorysetup-gfx-main-allocator-block-size=16777216"
    "memorysetup-gfx-thread-allocator-block-size=16777216"
    "memorysetup-cache-allocator-block-size=4194304"
    "memorysetup-typetree-allocator-block-size=2097152"
    "memorysetup-profiler-bucket-allocator-granularity=16"
    "memorysetup-profiler-bucket-allocator-bucket-count=8"
    "memorysetup-profiler-bucket-allocator-block-size=33554432"
    "memorysetup-profiler-bucket-allocator-block-count=8"
    "memorysetup-profiler-allocator-block-size=16777216"
    "memorysetup-profiler-editor-allocator-block-size=1048576"
    "memorysetup-temp-allocator-size-main=16777216"
    "memorysetup-job-temp-allocator-block-size=2097152"
    "memorysetup-job-temp-allocator-block-size-background=1048576"
    "memorysetup-job-temp-allocator-reduction-small-platforms=262144"
    "memorysetup-temp-allocator-size-background-worker=32768"
    "memorysetup-temp-allocator-size-job-worker=262144"
    "memorysetup-temp-allocator-size-preload-manager=33554432"
    "memorysetup-temp-allocator-size-nav-mesh-worker=65536"
    "memorysetup-temp-allocator-size-audio-worker=65536"
    "memorysetup-temp-allocator-size-cloud-worker=32768"
    "memorysetup-temp-allocator-size-gi-baking-worker=262144"
    "memorysetup-temp-allocator-size-gfx=262144"
Player connection [4892972544] Host "[IP] 128.179.141.229 [Port] 0 [Flags] 2 [Guid] 3929721942 [EditorId] 3929721942 [Version] 1048832 [Id] OSXEditor(0,tsf-436-wpa-5-229.epfl.ch) [Debug] 1 [PackageName] OSXEditor [ProjectName] Editor" joined multi-casting on [225.0.0.222:54997]...

Player connection [4892972544] Host "[IP] 128.179.141.229 [Port] 0 [Flags] 2 [Guid] 3929721942 [EditorId] 3929721942 [Version] 1048832 [Id] OSXEditor(0,tsf-436-wpa-5-229.epfl.ch) [Debug] 1 [PackageName] OSXEditor [ProjectName] Editor" joined alternative multi-casting on [225.0.0.222:34997]...

Refreshing native plugins compatible for Editor in 117.70 ms, found 2 plugins.
Preloading 0 native plugins for Editor in 0.00 ms.
Initialize engine version: 2021.3.21f1 (1b156197d683)
[Subsystems] Discovering subsystems at path /Applications/Unity/Hub/Editor/2021.3.21f1/Unity.app/Contents/Resources/UnitySubsystems
[Subsystems] Discovering subsystems at path /Users/emmanuelle/Desktop/Confiture/Assets
GfxDevice: creating device client; threaded=0; jobified=0
Color LCD preferred device: Intel(R) UHD Graphics 630 (low power)
Metal devices available: 2
0: AMD Radeon Pro 560X (high power)
1: Intel(R) UHD Graphics 630 (low power)
Using device AMD Radeon Pro 560X (high power)
Initializing Metal device caps: AMD Radeon Pro 560X
Initialize mono
Mono path[0] = '/Applications/Unity/Hub/Editor/2021.3.21f1/Unity.app/Contents/Managed'
Mono path[1] = '/Applications/Unity/Hub/Editor/2021.3.21f1/Unity.app/Contents/MonoBleedingEdge/lib/mono/unityjit-macos'
Mono config path = '/Applications/Unity/Hub/Editor/2021.3.21f1/Unity.app/Contents/MonoBleedingEdge/etc'
Using monoOptions --debugger-agent=transport=dt_socket,embedding=1,server=y,suspend=n,address=127.0.0.1:56326
Begin MonoManager ReloadAssembly
Registering precompiled unity dll's ...
Register platform support module: /Applications/Unity/Hub/Editor/2021.3.21f1/PlaybackEngines/WebGLSupport/UnityEditor.WebGL.Extensions.dll
Register platform support module: /Applications/Unity/Hub/Editor/2021.3.21f1/Unity.app/Contents/PlaybackEngines/MacStandaloneSupport/UnityEditor.OSXStandalone.Extensions.dll
Registered in 0.001077 seconds.
Native extension for OSXStandalone target not found
Native extension for WebGL target not found
Refreshing native plugins compatible for Editor in 90.39 ms, found 2 plugins.
Preloading 0 native plugins for Editor in 0.00 ms.
Mono: successfully reloaded assembly
- Completed reload, in  0.833 seconds
Domain Reload Profiling:
	ReloadAssembly (834ms)
		BeginReloadAssembly (110ms)
			ExecutionOrderSort (0ms)
			DisableScriptedObjects (0ms)
			BackupInstance (0ms)
			ReleaseScriptingObjects (0ms)
			CreateAndSetChildDomain (1ms)
		EndReloadAssembly (598ms)
			LoadAssemblies (110ms)
			RebuildTransferFunctionScriptingTraits (0ms)
			SetupTypeCache (164ms)
			ReleaseScriptCaches (0ms)
			RebuildScriptCaches (44ms)
			SetupLoadedEditorAssemblies (326ms)
				LogAssemblyErrors (0ms)
				InitializePlatformSupportModulesInManaged (10ms)
				SetLoadedEditorAssemblies (1ms)
				RefreshPlugins (90ms)
				BeforeProcessingInitializeOnLoad (1ms)
				ProcessInitializeOnLoadAttributes (168ms)
				ProcessInitializeOnLoadMethodAttributes (55ms)
				AfterProcessingInitializeOnLoad (0ms)
				EditorAssembliesLoaded (0ms)
			ExecutionOrderSort2 (0ms)
			AwakeInstancesAfterBackupRestoration (0ms)
Platform modules already initialized, skipping
Registering precompiled user dll's ...
Registered in 0.003749 seconds.
Begin MonoManager ReloadAssembly
Symbol file LoadedFromMemory doesn't match image /Users/emmanuelle/Desktop/Confiture/Library/PackageCache/com.unity.visualscripting@1.8.0/Editor/VisualScripting.Core/Dependencies/YamlDotNet/Unity.VisualScripting.YamlDotNet.dll
Symbol file LoadedFromMemory doesn't match image /Users/emmanuelle/Desktop/Confiture/Library/PackageCache/com.unity.visualscripting@1.8.0/Editor/VisualScripting.Core/Dependencies/DotNetZip/Unity.VisualScripting.IonicZip.dll
Native extension for OSXStandalone target not found
Native extension for WebGL target not found
Refreshing native plugins compatible for Editor in 0.50 ms, found 2 plugins.
Preloading 0 native plugins for Editor in 0.00 ms.
Mono: successfully reloaded assembly
- Completed reload, in  1.253 seconds
Domain Reload Profiling:
	ReloadAssembly (1253ms)
		BeginReloadAssembly (171ms)
			ExecutionOrderSort (0ms)
			DisableScriptedObjects (8ms)
			BackupInstance (0ms)
			ReleaseScriptingObjects (0ms)
			CreateAndSetChildDomain (39ms)
		EndReloadAssembly (949ms)
			LoadAssemblies (112ms)
			RebuildTransferFunctionScriptingTraits (0ms)
			SetupTypeCache (363ms)
			ReleaseScriptCaches (1ms)
			RebuildScriptCaches (82ms)
			SetupLoadedEditorAssemblies (368ms)
				LogAssemblyErrors (0ms)
				InitializePlatformSupportModulesInManaged (5ms)
				SetLoadedEditorAssemblies (1ms)
				RefreshPlugins (1ms)
				BeforeProcessingInitializeOnLoad (70ms)
				ProcessInitializeOnLoadAttributes (271ms)
				ProcessInitializeOnLoadMethodAttributes (20ms)
				AfterProcessingInitializeOnLoad (1ms)
				EditorAssembliesLoaded (0ms)
			ExecutionOrderSort2 (0ms)
			AwakeInstancesAfterBackupRestoration (4ms)
Platform modules already initialized, skipping
========================================================================
Worker process is ready to serve import requests
Launching external process: /Applications/Unity/Hub/Editor/2021.3.21f1/Unity.app/Contents/Tools/UnityShaderCompiler
Launched and connected shader compiler UnityShaderCompiler after 0.07 seconds
Refreshing native plugins compatible for Editor in 0.57 ms, found 2 plugins.
Preloading 0 native plugins for Editor in 0.00 ms.
Unloading 3267 Unused Serialized files (Serialized files now loaded: 0)
Unloading 34 unused Assets / (1.3 MB). Loaded Objects now: 3736.
Memory consumption went from 132.2 MB to 130.9 MB.
Total: 3.911851 ms (FindLiveObjects: 0.273409 ms CreateObjectMapping: 0.200285 ms MarkObjects: 3.088143 ms  DeleteObjects: 0.349115 ms)

AssetImportParameters requested are different than current active one (requested -> active):
  custom:video-decoder-ogg-theora: a1e56fd34408186e4bbccfd4996cb3dc -> 
  custom:container-muxer-webm: aa71ff27fc2769a1b78a27578f13a17b -> 
  custom:container-demuxer-webm: 4f35f7cbe854078d1ac9338744f61a02 -> 
  custom:video-encoder-webm-vp8: eb34c28f22e8b96e1ab97ce403110664 -> 
  custom:framework-osx-AVFoundation: e770b220cccbd017edd2c1fefb359320 -> 
  custom:audio-encoder-webm-vorbis: bf7c407c2cedff20999df2af8eb42d56 -> 
  custom:container-demuxer-ogg: 62fdf1f143b41e24485cea50d1cbac27 -> 
  custom:video-decoder-webm-vp8: 9c59270c3fd7afecdb556c50c9e8de78 -> 
  custom:audio-decoder-ogg-vorbis: bf7c407c2cedff20999df2af8eb42d56 -> 
========================================================================
Received Import Request.
  Time since last request: 170837.891188 seconds.
  path: Assets/Scenes/b7.fbx
  artifactKey: Guid(50ac8b0c601b54e1e9e27e78be3770e5) Importer(815301076,1909f56bfc062723c751e8b465ee728b)
Start importing Assets/Scenes/b7.fbx using Guid(50ac8b0c601b54e1e9e27e78be3770e5) Importer(815301076,1909f56bfc062723c751e8b465ee728b)  -> (artifact id: '6a344a704be7d65e4f2f099ca71687d9') in 0.407317 seconds 
========================================================================
Received Import Request.
  Time since last request: 108.114767 seconds.
  path: Assets/Scenes/b7.fbx
  artifactKey: Guid(50ac8b0c601b54e1e9e27e78be3770e5) Importer(815301076,1909f56bfc062723c751e8b465ee728b)
Start importing Assets/Scenes/b7.fbx using Guid(50ac8b0c601b54e1e9e27e78be3770e5) Importer(815301076,1909f56bfc062723c751e8b465ee728b)  -> (artifact id: '160a4f282dc036e0a5365b863f03013d') in 0.115185 seconds 
========================================================================
Received Import Request.
  Time since last request: 0.000055 seconds.
  path: Assets/Scenes/Voxel_mat241.mat
  artifactKey: Guid(620e1698e0f824a82a027d2f3f2932fb) Importer(815301076,1909f56bfc062723c751e8b465ee728b)
Start importing Assets/Scenes/Voxel_mat241.mat using Guid(620e1698e0f824a82a027d2f3f2932fb) Importer(815301076,1909f56bfc062723c751e8b465ee728b)  -> (artifact id: '9b3a4613426254af92cb214f1124880d') in 0.117896 seconds 
========================================================================
Received Import Request.
  Time since last request: 870.973195 seconds.
  path: Assets/Racing Starter Kit/Scenes
  artifactKey: Guid(4f704ae4b4f98ae41a0bce26658850c1) Importer(815301076,1909f56bfc062723c751e8b465ee728b)
Start importing Assets/Racing Starter Kit/Scenes using Guid(4f704ae4b4f98ae41a0bce26658850c1) Importer(815301076,1909f56bfc062723c751e8b465ee728b)  -> (artifact id: 'afdd990117e546394f17e78277df244d') in 0.002409 seconds 
========================================================================
Received Import Request.
  Time since last request: 162.746449 seconds.
  path: Assets/Scenes/New Material 1.mat
  artifactKey: Guid(4eb4da21cd43e487c9d020462cad95c7) Importer(815301076,1909f56bfc062723c751e8b465ee728b)
Start importing Assets/Scenes/New Material 1.mat using Guid(4eb4da21cd43e487c9d020462cad95c7) Importer(815301076,1909f56bfc062723c751e8b465ee728b)  -> (artifact id: '65fc207d69fec85beb5e5ebcd6f56198') in 0.060720 seconds 
========================================================================
Received Import Request.
  Time since last request: 90.402039 seconds.
  path: Assets/Scenes/b1
  artifactKey: Guid(649fedbcfb8754ea4b2f6a068c99c820) Importer(815301076,1909f56bfc062723c751e8b465ee728b)
Start importing Assets/Scenes/b1 using Guid(649fedbcfb8754ea4b2f6a068c99c820) Importer(815301076,1909f56bfc062723c751e8b465ee728b)  -> (artifact id: '7a1804a8ad2af291b682e2ece6af8375') in 0.001546 seconds 
========================================================================
Received Import Request.
  Time since last request: 7.214588 seconds.
  path: Assets/Scenes/buildings
  artifactKey: Guid(649fedbcfb8754ea4b2f6a068c99c820) Importer(815301076,1909f56bfc062723c751e8b465ee728b)
Start importing Assets/Scenes/buildings using Guid(649fedbcfb8754ea4b2f6a068c99c820) Importer(815301076,1909f56bfc062723c751e8b465ee728b)  -> (artifact id: '39a78f0ddb404ef4c4b68e59cd4f0e0b') in 0.001263 seconds 
========================================================================
Received Import Request.
  Time since last request: 20.713092 seconds.
  path: Assets/Scenes/buildings/b1.fbx
  artifactKey: Guid(2fe886f93f6ad4b84865b1eafcdc9b96) Importer(815301076,1909f56bfc062723c751e8b465ee728b)
Start importing Assets/Scenes/buildings/b1.fbx using Guid(2fe886f93f6ad4b84865b1eafcdc9b96) Importer(815301076,1909f56bfc062723c751e8b465ee728b)  -> (artifact id: '659264f6ffec54958fc89d0913ef3c1b') in 0.120084 seconds 
========================================================================
Received Import Request.
  Time since last request: 7.499500 seconds.
  path: Assets/Scenes/buildings/b1.fbx
  artifactKey: Guid(2fe886f93f6ad4b84865b1eafcdc9b96) Importer(815301076,1909f56bfc062723c751e8b465ee728b)
Start importing Assets/Scenes/buildings/b1.fbx using Guid(2fe886f93f6ad4b84865b1eafcdc9b96) Importer(815301076,1909f56bfc062723c751e8b465ee728b)  -> (artifact id: '7173ab12e573a738b22c344cdb948e2f') in 0.052591 seconds 
========================================================================
Received Import Request.
  Time since last request: 0.000183 seconds.
  path: Assets/Scenes/buildings/Voxel_mat254.mat
  artifactKey: Guid(c141663e0664e4dfb842aedd97ca5e61) Importer(815301076,1909f56bfc062723c751e8b465ee728b)
Start importing Assets/Scenes/buildings/Voxel_mat254.mat using Guid(c141663e0664e4dfb842aedd97ca5e61) Importer(815301076,1909f56bfc062723c751e8b465ee728b)  -> (artifact id: '5cfb4b58d888e9013e3996bfd9d4c2ce') in 0.017509 seconds 
========================================================================
Received Import Request.
  Time since last request: 0.000108 seconds.
  path: Assets/Scenes/buildings/Voxel_mat251.mat
  artifactKey: Guid(6eb3bbee5375940399055c1ee75f8e5c) Importer(815301076,1909f56bfc062723c751e8b465ee728b)
Start importing Assets/Scenes/buildings/Voxel_mat251.mat using Guid(6eb3bbee5375940399055c1ee75f8e5c) Importer(815301076,1909f56bfc062723c751e8b465ee728b)  -> (artifact id: 'fd7075a79784febdd718001e2db3494f') in 0.018585 seconds 
========================================================================
Received Import Request.
  Time since last request: 0.003411 seconds.
  path: Assets/Scenes/buildings/Voxel_mat249.mat
  artifactKey: Guid(94016d40240ef4addb4b25c59e84bbf9) Importer(815301076,1909f56bfc062723c751e8b465ee728b)
Start importing Assets/Scenes/buildings/Voxel_mat249.mat using Guid(94016d40240ef4addb4b25c59e84bbf9) Importer(815301076,1909f56bfc062723c751e8b465ee728b)  -> (artifact id: 'bf717ec453f72b2793549ecbff2fecc0') in 0.024094 seconds 
