Unity Editor version:    2021.3.21f1 (1b156197d683)
Branch:                  2021.3/staging
Build type:              Release
Batch mode:              YES
macOS version:           Version 12.2 (Build 21D49)
Darwin version:          21.3.0
Architecture:            x86_64
Running under Rosetta:   NO
Available memory:        16384 MB
Using pre-set license
Pro License: YES

COMMAND LINE ARGUMENTS:
/Applications/Unity/Hub/Editor/2021.3.21f1/Unity.app/Contents/MacOS/Unity
-adb2
-batchMode
-noUpm
-name
AssetImportWorker4
-projectPath
/Users/emmanuelle/Desktop/Confiture
-logFile
Logs/AssetImportWorker4.log
-srvPort
64672
Successfully changed project path to: /Users/emmanuelle/Desktop/Confiture
/Users/emmanuelle/Desktop/Confiture
[UnityMemory] Configuration Parameters - Can be set up in boot.config
    "memorysetup-bucket-allocator-granularity=16"
    "memorysetup-bucket-allocator-bucket-count=8"
    "memorysetup-bucket-allocator-block-size=33554432"
    "memorysetup-bucket-allocator-block-count=8"
    "memorysetup-main-allocator-block-size=16777216"
    "memorysetup-thread-allocator-block-size=16777216"
    "memorysetup-gfx-main-allocator-block-size=16777216"
    "memorysetup-gfx-thread-allocator-block-size=16777216"
    "memorysetup-cache-allocator-block-size=4194304"
    "memorysetup-typetree-allocator-block-size=2097152"
    "memorysetup-profiler-bucket-allocator-granularity=16"
    "memorysetup-profiler-bucket-allocator-bucket-count=8"
    "memorysetup-profiler-bucket-allocator-block-size=33554432"
    "memorysetup-profiler-bucket-allocator-block-count=8"
    "memorysetup-profiler-allocator-block-size=16777216"
    "memorysetup-profiler-editor-allocator-block-size=1048576"
    "memorysetup-temp-allocator-size-main=16777216"
    "memorysetup-job-temp-allocator-block-size=2097152"
    "memorysetup-job-temp-allocator-block-size-background=1048576"
    "memorysetup-job-temp-allocator-reduction-small-platforms=262144"
    "memorysetup-temp-allocator-size-background-worker=32768"
    "memorysetup-temp-allocator-size-job-worker=262144"
    "memorysetup-temp-allocator-size-preload-manager=33554432"
    "memorysetup-temp-allocator-size-nav-mesh-worker=65536"
    "memorysetup-temp-allocator-size-audio-worker=65536"
    "memorysetup-temp-allocator-size-cloud-worker=32768"
    "memorysetup-temp-allocator-size-gi-baking-worker=262144"
    "memorysetup-temp-allocator-size-gfx=262144"
Player connection [4662969856] Host "[IP] 128.179.141.229 [Port] 0 [Flags] 2 [Guid] 1340316131 [EditorId] 1340316131 [Version] 1048832 [Id] OSXEditor(0,tsf-436-wpa-5-229.epfl.ch) [Debug] 1 [PackageName] OSXEditor [ProjectName] Editor" joined multi-casting on [225.0.0.222:54997]...

Player connection [4662969856] Host "[IP] 128.179.141.229 [Port] 0 [Flags] 2 [Guid] 1340316131 [EditorId] 1340316131 [Version] 1048832 [Id] OSXEditor(0,tsf-436-wpa-5-229.epfl.ch) [Debug] 1 [PackageName] OSXEditor [ProjectName] Editor" joined alternative multi-casting on [225.0.0.222:34997]...

Refreshing native plugins compatible for Editor in 84.47 ms, found 2 plugins.
Preloading 0 native plugins for Editor in 0.00 ms.
Initialize engine version: 2021.3.21f1 (1b156197d683)
[Subsystems] Discovering subsystems at path /Applications/Unity/Hub/Editor/2021.3.21f1/Unity.app/Contents/Resources/UnitySubsystems
[Subsystems] Discovering subsystems at path /Users/emmanuelle/Desktop/Confiture/Assets
GfxDevice: creating device client; threaded=0; jobified=0
Color LCD preferred device: AMD Radeon Pro 560X (high power)
Metal devices available: 2
0: AMD Radeon Pro 560X (high power)
1: Intel(R) UHD Graphics 630 (low power)
Using device AMD Radeon Pro 560X (high power)
Initializing Metal device caps: AMD Radeon Pro 560X
Initialize mono
Mono path[0] = '/Applications/Unity/Hub/Editor/2021.3.21f1/Unity.app/Contents/Managed'
Mono path[1] = '/Applications/Unity/Hub/Editor/2021.3.21f1/Unity.app/Contents/MonoBleedingEdge/lib/mono/unityjit-macos'
Mono config path = '/Applications/Unity/Hub/Editor/2021.3.21f1/Unity.app/Contents/MonoBleedingEdge/etc'
Using monoOptions --debugger-agent=transport=dt_socket,embedding=1,server=y,suspend=n,address=127.0.0.1:56398
Begin MonoManager ReloadAssembly
Registering precompiled unity dll's ...
Register platform support module: /Applications/Unity/Hub/Editor/2021.3.21f1/PlaybackEngines/WebGLSupport/UnityEditor.WebGL.Extensions.dll
Register platform support module: /Applications/Unity/Hub/Editor/2021.3.21f1/Unity.app/Contents/PlaybackEngines/MacStandaloneSupport/UnityEditor.OSXStandalone.Extensions.dll
Registered in 0.001208 seconds.
Native extension for OSXStandalone target not found
Native extension for WebGL target not found
Refreshing native plugins compatible for Editor in 74.50 ms, found 2 plugins.
Preloading 0 native plugins for Editor in 0.00 ms.
Mono: successfully reloaded assembly
- Completed reload, in  0.799 seconds
Domain Reload Profiling:
	ReloadAssembly (799ms)
		BeginReloadAssembly (114ms)
			ExecutionOrderSort (0ms)
			DisableScriptedObjects (0ms)
			BackupInstance (0ms)
			ReleaseScriptingObjects (0ms)
			CreateAndSetChildDomain (1ms)
		EndReloadAssembly (545ms)
			LoadAssemblies (114ms)
			RebuildTransferFunctionScriptingTraits (0ms)
			SetupTypeCache (153ms)
			ReleaseScriptCaches (0ms)
			RebuildScriptCaches (35ms)
			SetupLoadedEditorAssemblies (302ms)
				LogAssemblyErrors (0ms)
				InitializePlatformSupportModulesInManaged (8ms)
				SetLoadedEditorAssemblies (0ms)
				RefreshPlugins (75ms)
				BeforeProcessingInitializeOnLoad (1ms)
				ProcessInitializeOnLoadAttributes (168ms)
				ProcessInitializeOnLoadMethodAttributes (51ms)
				AfterProcessingInitializeOnLoad (0ms)
				EditorAssembliesLoaded (0ms)
			ExecutionOrderSort2 (0ms)
			AwakeInstancesAfterBackupRestoration (0ms)
Platform modules already initialized, skipping
Registering precompiled user dll's ...
Registered in 0.003360 seconds.
Begin MonoManager ReloadAssembly
Symbol file LoadedFromMemory doesn't match image /Users/emmanuelle/Desktop/Confiture/Library/PackageCache/com.unity.visualscripting@1.8.0/Editor/VisualScripting.Core/Dependencies/YamlDotNet/Unity.VisualScripting.YamlDotNet.dll
Symbol file LoadedFromMemory doesn't match image /Users/emmanuelle/Desktop/Confiture/Library/PackageCache/com.unity.visualscripting@1.8.0/Editor/VisualScripting.Core/Dependencies/DotNetZip/Unity.VisualScripting.IonicZip.dll
Native extension for OSXStandalone target not found
Native extension for WebGL target not found
Refreshing native plugins compatible for Editor in 0.48 ms, found 2 plugins.
Preloading 0 native plugins for Editor in 0.00 ms.
Mono: successfully reloaded assembly
- Completed reload, in  1.217 seconds
Domain Reload Profiling:
	ReloadAssembly (1218ms)
		BeginReloadAssembly (157ms)
			ExecutionOrderSort (0ms)
			DisableScriptedObjects (7ms)
			BackupInstance (0ms)
			ReleaseScriptingObjects (0ms)
			CreateAndSetChildDomain (34ms)
		EndReloadAssembly (935ms)
			LoadAssemblies (112ms)
			RebuildTransferFunctionScriptingTraits (0ms)
			SetupTypeCache (361ms)
			ReleaseScriptCaches (1ms)
			RebuildScriptCaches (75ms)
			SetupLoadedEditorAssemblies (366ms)
				LogAssemblyErrors (0ms)
				InitializePlatformSupportModulesInManaged (6ms)
				SetLoadedEditorAssemblies (1ms)
				RefreshPlugins (1ms)
				BeforeProcessingInitializeOnLoad (71ms)
				ProcessInitializeOnLoadAttributes (265ms)
				ProcessInitializeOnLoadMethodAttributes (23ms)
				AfterProcessingInitializeOnLoad (1ms)
				EditorAssembliesLoaded (0ms)
			ExecutionOrderSort2 (0ms)
			AwakeInstancesAfterBackupRestoration (5ms)
Platform modules already initialized, skipping
========================================================================
Worker process is ready to serve import requests
Launching external process: /Applications/Unity/Hub/Editor/2021.3.21f1/Unity.app/Contents/Tools/UnityShaderCompiler
Launched and connected shader compiler UnityShaderCompiler after 0.07 seconds
Refreshing native plugins compatible for Editor in 0.49 ms, found 2 plugins.
Preloading 0 native plugins for Editor in 0.00 ms.
Unloading 3267 Unused Serialized files (Serialized files now loaded: 0)
Unloading 34 unused Assets / (1.3 MB). Loaded Objects now: 3736.
Memory consumption went from 132.3 MB to 131.1 MB.
Total: 3.540161 ms (FindLiveObjects: 0.259656 ms CreateObjectMapping: 0.158496 ms MarkObjects: 2.841444 ms  DeleteObjects: 0.279588 ms)

AssetImportParameters requested are different than current active one (requested -> active):
  custom:video-decoder-ogg-theora: a1e56fd34408186e4bbccfd4996cb3dc -> 
  custom:container-muxer-webm: aa71ff27fc2769a1b78a27578f13a17b -> 
  custom:container-demuxer-webm: 4f35f7cbe854078d1ac9338744f61a02 -> 
  custom:video-encoder-webm-vp8: eb34c28f22e8b96e1ab97ce403110664 -> 
  custom:framework-osx-AVFoundation: e770b220cccbd017edd2c1fefb359320 -> 
  custom:audio-encoder-webm-vorbis: bf7c407c2cedff20999df2af8eb42d56 -> 
  custom:container-demuxer-ogg: 62fdf1f143b41e24485cea50d1cbac27 -> 
  custom:video-decoder-webm-vp8: 9c59270c3fd7afecdb556c50c9e8de78 -> 
  custom:audio-decoder-ogg-vorbis: bf7c407c2cedff20999df2af8eb42d56 -> 
========================================================================
Received Import Request.
  Time since last request: 182251.740430 seconds.
  path: Assets/b4.fbx
  artifactKey: Guid(d97227e8dd27747679b2962164c5333a) Importer(815301076,1909f56bfc062723c751e8b465ee728b)
Start importing Assets/b4.fbx using Guid(d97227e8dd27747679b2962164c5333a) Importer(815301076,1909f56bfc062723c751e8b465ee728b)  -> (artifact id: '2855a53bddca02454bb2373d91dccaea') in 0.359397 seconds 
========================================================================
Received Import Request.
  Time since last request: 4.500642 seconds.
  path: Assets/b4.fbx
  artifactKey: Guid(d97227e8dd27747679b2962164c5333a) Importer(815301076,1909f56bfc062723c751e8b465ee728b)
Start importing Assets/b4.fbx using Guid(d97227e8dd27747679b2962164c5333a) Importer(815301076,1909f56bfc062723c751e8b465ee728b)  -> (artifact id: 'dba455fead8c071cfa13134b825a39e8') in 0.053137 seconds 
========================================================================
Received Import Request.
  Time since last request: 0.000108 seconds.
  path: Assets/Voxel_mat249.003.mat
  artifactKey: Guid(6920d522069d34f42b767782313dc94d) Importer(815301076,1909f56bfc062723c751e8b465ee728b)
Start importing Assets/Voxel_mat249.003.mat using Guid(6920d522069d34f42b767782313dc94d) Importer(815301076,1909f56bfc062723c751e8b465ee728b)  -> (artifact id: 'f747bb23ac5a33afe736b6b80652fb3c') in 0.121204 seconds 
========================================================================
Received Import Request.
  Time since last request: 269.938010 seconds.
  path: Assets/b5.fbx
  artifactKey: Guid(60f0a2274e6be4ff5a2d39e9ee7ce385) Importer(815301076,1909f56bfc062723c751e8b465ee728b)
Start importing Assets/b5.fbx using Guid(60f0a2274e6be4ff5a2d39e9ee7ce385) Importer(815301076,1909f56bfc062723c751e8b465ee728b)  -> (artifact id: '22338da8c956e3641771cde87bd47f0a') in 0.116606 seconds 
========================================================================
Received Import Request.
  Time since last request: 29.668827 seconds.
  path: Assets/b5.fbx
  artifactKey: Guid(60f0a2274e6be4ff5a2d39e9ee7ce385) Importer(815301076,1909f56bfc062723c751e8b465ee728b)
Start importing Assets/b5.fbx using Guid(60f0a2274e6be4ff5a2d39e9ee7ce385) Importer(815301076,1909f56bfc062723c751e8b465ee728b)  -> (artifact id: '97dba49cb7f4f20c00e036bb9b0c1c5c') in 0.066060 seconds 
========================================================================
Received Import Request.
  Time since last request: 0.000098 seconds.
  path: Assets/Voxel_mat247.mat
  artifactKey: Guid(dc09ed991b0c14d54a42b38c6dcbdc21) Importer(815301076,1909f56bfc062723c751e8b465ee728b)
Start importing Assets/Voxel_mat247.mat using Guid(dc09ed991b0c14d54a42b38c6dcbdc21) Importer(815301076,1909f56bfc062723c751e8b465ee728b)  -> (artifact id: 'b2816a0adfac051766fd88473f07e6d5') in 0.013676 seconds 
========================================================================
Received Import Request.
  Time since last request: 0.000111 seconds.
  path: Assets/Voxel_mat228.mat
  artifactKey: Guid(53e0d222fea6441bf9cc3a0bd5a4200e) Importer(815301076,1909f56bfc062723c751e8b465ee728b)
Start importing Assets/Voxel_mat228.mat using Guid(53e0d222fea6441bf9cc3a0bd5a4200e) Importer(815301076,1909f56bfc062723c751e8b465ee728b)  -> (artifact id: 'f783b860ec51f269fe02d1298730991a') in 0.014071 seconds 
Editor requested this worker to shutdown with reason: Scaling down because of idle timeout
AssetImportWorker is now disconnected from the server
Process exiting
